2024-01-18 12:36:16,001 [INFO] Activator:176 - 


2024-01-18 12:36:16,011 [INFO] Activator:177 - !SESSION log4j initialized
2024-01-18 12:36:25,752 [INFO] LogOutputStream:77 - [STDOUT_REDIRECT] 
2024-01-18 12:36:27,126 [INFO] ApplicationProperties:184 - Using Application install path: /opt/st/stm32cubeide_1.13.2/plugins/com.st.stm32cube.common.mx_6.9.2.202309101412
2024-01-18 12:36:27,164 [INFO] DbMcusXml:78 - Set database path to: /opt/st/stm32cubeide_1.13.2/plugins/com.st.stm32cube.common.mx_6.9.2.202309101412//db//mcu/
2024-01-18 12:36:27,165 [INFO] ApiDb:274 - Set plugin database path to: /opt/st/stm32cubeide_1.13.2/plugins/com.st.stm32cube.common.mx_6.9.2.202309101412//db//plugins/boardmanager/
2024-01-18 12:36:27,166 [WARN] ApiDb:259 - Overriding images path with different value:  => /opt/st/stm32cubeide_1.13.2/plugins/com.st.stm32cube.common.mx_6.9.2.202309101412//db//plugins/mcufinder/images/
2024-01-18 12:36:27,186 [INFO] ApiDb:250 - Set database path to: /home/sunbeam/.stmcufinder/plugins/mcufinder//mcu/
2024-01-18 12:36:27,188 [INFO] DbMcusAds:125 - Set database path to: /home/sunbeam/.stmcufinder/plugins/mcufinder//mcu/
2024-01-18 12:36:27,194 [INFO] CrossReferenceDbSqlite:203 - Set database path to: /home/sunbeam/.stmcufinder/plugins/mcufinder//mcu/cs/
2024-01-18 12:36:27,462 [INFO] RulesReader:64 - Compatibility file has been processed (293 Rules)
2024-01-18 12:36:27,707 [INFO] DbMcusXml:78 - Set database path to: /opt/st/stm32cubeide_1.13.2/plugins/com.st.stm32cube.common.mx_6.9.2.202309101412//db//mcu/
2024-01-18 12:36:27,707 [INFO] ApiDb:274 - Set plugin database path to: /opt/st/stm32cubeide_1.13.2/plugins/com.st.stm32cube.common.mx_6.9.2.202309101412//db//plugins/boardmanager/
2024-01-18 12:36:27,708 [INFO] ApiDb:261 - Set plugin images path to: /opt/st/stm32cubeide_1.13.2/plugins/com.st.stm32cube.common.mx_6.9.2.202309101412//db//plugins/mcufinder/images/
2024-01-18 12:36:27,709 [WARN] DbFile:41 - Overriding database path with different value: /home/sunbeam/.stmcufinder/plugins/mcufinder/ => /home/sunbeam/.stmcufinder/plugins/mcufinder
2024-01-18 12:36:27,710 [INFO] ApiDb:250 - Set database path to: /home/sunbeam/.stmcufinder/plugins/mcufinder//mcu/
2024-01-18 12:36:27,710 [WARN] DbFile:41 - Overriding database path with different value: /home/sunbeam/.stmcufinder/plugins/mcufinder/ => /home/sunbeam/.stmcufinder/plugins/mcufinder
2024-01-18 12:36:27,711 [INFO] DbMcusAds:125 - Set database path to: /home/sunbeam/.stmcufinder/plugins/mcufinder//mcu/
2024-01-18 12:36:27,711 [WARN] DbFile:41 - Overriding database path with different value: /home/sunbeam/.stmcufinder/plugins/mcufinder/ => /home/sunbeam/.stmcufinder/plugins/mcufinder
2024-01-18 12:36:27,712 [WARN] DbFile:41 - Overriding database path with different value: /home/sunbeam/.stmcufinder/plugins/mcufinder/ => /home/sunbeam/.stmcufinder/plugins/mcufinder
2024-01-18 12:36:27,712 [INFO] CrossReferenceDbSqlite:203 - Set database path to: /home/sunbeam/.stmcufinder/plugins/mcufinder//mcu/cs/
2024-01-18 12:36:27,913 [INFO] MainPanel:262 - HeapMemory: 268435456
2024-01-18 12:36:28,166 [INFO] DbMcusXml:78 - Set database path to: /opt/st/stm32cubeide_1.13.2/plugins/com.st.stm32cube.common.mx_6.9.2.202309101412//db//mcu/
2024-01-18 12:36:28,167 [INFO] ApiDb:274 - Set plugin database path to: /opt/st/stm32cubeide_1.13.2/plugins/com.st.stm32cube.common.mx_6.9.2.202309101412//db//plugins/boardmanager/
2024-01-18 12:36:28,168 [INFO] ApiDb:261 - Set plugin images path to: /opt/st/stm32cubeide_1.13.2/plugins/com.st.stm32cube.common.mx_6.9.2.202309101412//db//plugins/mcufinder/images/
2024-01-18 12:36:28,169 [WARN] DbFile:41 - Overriding database path with different value: /home/sunbeam/.stmcufinder/plugins/mcufinder/ => /home/sunbeam/.stmcufinder/plugins/mcufinder
2024-01-18 12:36:28,169 [INFO] ApiDb:250 - Set database path to: /home/sunbeam/.stmcufinder/plugins/mcufinder//mcu/
2024-01-18 12:36:28,170 [WARN] DbFile:41 - Overriding database path with different value: /home/sunbeam/.stmcufinder/plugins/mcufinder/ => /home/sunbeam/.stmcufinder/plugins/mcufinder
2024-01-18 12:36:28,170 [INFO] DbMcusAds:125 - Set database path to: /home/sunbeam/.stmcufinder/plugins/mcufinder//mcu/
2024-01-18 12:36:28,171 [WARN] DbFile:41 - Overriding database path with different value: /home/sunbeam/.stmcufinder/plugins/mcufinder/ => /home/sunbeam/.stmcufinder/plugins/mcufinder
2024-01-18 12:36:28,171 [WARN] DbFile:41 - Overriding database path with different value: /home/sunbeam/.stmcufinder/plugins/mcufinder/ => /home/sunbeam/.stmcufinder/plugins/mcufinder
2024-01-18 12:36:28,172 [INFO] CrossReferenceDbSqlite:203 - Set database path to: /home/sunbeam/.stmcufinder/plugins/mcufinder//mcu/cs/
2024-01-18 12:36:28,230 [INFO] ApplicationProperties:184 - Using Application install path: /opt/st/stm32cubeide_1.13.2/plugins/com.st.stm32cube.common.mx_6.9.2.202309101412
2024-01-18 12:36:28,236 [INFO] PluginManage:196 - Search for loadable plugins [exclusion list=, ]
2024-01-18 12:36:28,240 [INFO] PluginManage:310 - Check plugin analytics
2024-01-18 12:36:28,819 [INFO] AnalyticsPlugin:253 - Accepted Software Licenses: 
2024-01-18 12:36:28,820 [INFO] AnalyticsPlugin:255 - Accepted CMSIS Pack Licenses: 
2024-01-18 12:36:28,820 [INFO] AnalyticsPlugin:257 - Accepted Firmware Licenses: FW.F4.1.27.0
2024-01-18 12:36:28,830 [INFO] PluginManage:359 - Loaded plugin analytics (category:tool,tabindex:-1)
2024-01-18 12:36:28,831 [INFO] PluginManage:310 - Check plugin cadmodel
2024-01-18 12:36:28,919 [INFO] CADModel:105 - Init CAD model plugin
2024-01-18 12:36:28,920 [INFO] PluginManage:359 - Loaded plugin cadmodel (category:power,tabindex:5)
2024-01-18 12:36:28,921 [INFO] PluginManage:310 - Check plugin clock
2024-01-18 12:36:28,952 [INFO] PluginManage:359 - Loaded plugin clock (category:base,tabindex:2)
2024-01-18 12:36:28,953 [INFO] PluginManage:310 - Check plugin ddr
2024-01-18 12:36:28,960 [INFO] PluginManage:359 - Loaded plugin ddr (category:tool,tabindex:6)
2024-01-18 12:36:28,960 [INFO] PluginManage:310 - Check plugin filemanager
2024-01-18 12:36:29,393 [INFO] PluginManage:359 - Loaded plugin filemanager (category:base,tabindex:10)
2024-01-18 12:36:29,394 [INFO] PluginManage:310 - Check plugin ipmanager
2024-01-18 12:36:29,411 [INFO] PluginManage:359 - Loaded plugin ipmanager (category:base,tabindex:5)
2024-01-18 12:36:29,411 [INFO] PluginManage:310 - Check plugin lpbam
2024-01-18 12:36:29,439 [INFO] PluginManage:359 - Loaded plugin lpbam (category:base,tabindex:0)
2024-01-18 12:36:29,440 [INFO] PluginManage:310 - Check plugin memorymap
2024-01-18 12:36:29,471 [INFO] PluginManage:359 - Loaded plugin memorymap (category:base,tabindex:4)
2024-01-18 12:36:29,471 [INFO] PluginManage:310 - Check plugin pinoutandconfiguration
2024-01-18 12:36:29,493 [INFO] PluginManage:359 - Loaded plugin pinoutandconfiguration (category:base,tabindex:1)
2024-01-18 12:36:29,493 [INFO] PluginManage:310 - Check plugin pinoutconfig
2024-01-18 12:36:29,799 [WARN] SupportedApi:132 - Cannot load RTOS API schema: s4s-elt-must-match.1: The content of 'definitions' must match (annotation?, (simpleType | complexType)?, (unique | key | keyref)*)). A problem was found starting at: attribute.
2024-01-18 12:36:30,263 [INFO] PluginManage:359 - Loaded plugin pinoutconfig (category:base,tabindex:0)
2024-01-18 12:36:30,264 [INFO] PluginManage:310 - Check plugin power
2024-01-18 12:36:30,289 [INFO] PluginManage:359 - Loaded plugin power (category:power,tabindex:4)
2024-01-18 12:36:30,290 [INFO] PluginManage:310 - Check plugin projectmanager
2024-01-18 12:36:30,341 [INFO] PluginManage:359 - Loaded plugin projectmanager (category:projectmanager,tabindex:3)
2024-01-18 12:36:30,342 [INFO] PluginManage:310 - Check plugin thirdparty
2024-01-18 12:36:30,752 [INFO] PluginManage:359 - Loaded plugin thirdparty (category:base,tabindex:-1)
2024-01-18 12:36:30,751 [WARN] IntegrityCheckThread:84 - waiting for thirdparty lock release [integrity check]
2024-01-18 12:36:30,753 [INFO] PluginManage:310 - Check plugin tools
2024-01-18 12:36:30,753 [INFO] IntegrityCheckThread:86 - entering critical section [integrity check]
2024-01-18 12:36:30,754 [INFO] ThirdPartyUpdaterWithRetryManager:70 - Updater plugin not ready yet. [1/15]
2024-01-18 12:36:30,759 [INFO] PluginManage:359 - Loaded plugin tools (category:base,tabindex:7)
2024-01-18 12:36:30,759 [INFO] PluginManage:310 - Check plugin tutovideos
2024-01-18 12:36:31,295 [INFO] PluginManage:359 - Loaded plugin tutovideos (category:base,tabindex:-1)
2024-01-18 12:36:31,296 [INFO] PluginManage:310 - Check plugin updater
2024-01-18 12:36:31,322 [INFO] PluginManage:359 - Loaded plugin updater (category:base,tabindex:12)
2024-01-18 12:36:31,323 [INFO] PluginManage:310 - Check plugin userauth
2024-01-18 12:36:31,338 [INFO] UserAuth:113 - Init User Auth plugin
2024-01-18 12:36:31,339 [INFO] PluginManage:359 - Loaded plugin userauth (category:base,tabindex:14)
2024-01-18 12:36:31,340 [INFO] PluginManage:283 - PluginManage : Loaded plugins [17]
2024-01-18 12:36:31,901 [INFO] PinOutPanel:1499 - setPackage(No Configuration,No Configuration)
2024-01-18 12:36:32,198 [INFO] CADModel:165 - CPN selected for project level
2024-01-18 12:36:32,199 [INFO] CADModel:114 - Register for checkConnection events
2024-01-18 12:36:32,227 [INFO] IPUIPlugin:80 - create IPUIPlugin
2024-01-18 12:36:32,228 [INFO] PluginManager:220 - loadIPPluginJar : add openamp
2024-01-18 12:36:32,232 [INFO] IPUIPlugin:80 - create IPUIPlugin
2024-01-18 12:36:32,233 [INFO] PluginManager:220 - loadIPPluginJar : add tracer_emb
2024-01-18 12:36:32,245 [INFO] IPUIPlugin:80 - create IPUIPlugin
2024-01-18 12:36:32,245 [INFO] PluginManager:220 - loadIPPluginJar : add sai
2024-01-18 12:36:32,251 [INFO] IPUIPlugin:80 - create IPUIPlugin
2024-01-18 12:36:32,252 [INFO] PluginManager:220 - loadIPPluginJar : add usbx
2024-01-18 12:36:32,259 [INFO] IPUIPlugin:80 - create IPUIPlugin
2024-01-18 12:36:32,259 [INFO] PluginManager:220 - loadIPPluginJar : add lorawan
2024-01-18 12:36:32,267 [INFO] IPUIPlugin:80 - create IPUIPlugin
2024-01-18 12:36:32,268 [INFO] PluginManager:220 - loadIPPluginJar : add nvic
2024-01-18 12:36:32,274 [INFO] IPUIPlugin:80 - create IPUIPlugin
2024-01-18 12:36:32,274 [INFO] PluginManager:220 - loadIPPluginJar : add usart
2024-01-18 12:36:32,279 [INFO] IPUIPlugin:80 - create IPUIPlugin
2024-01-18 12:36:32,279 [INFO] PluginManager:220 - loadIPPluginJar : add ts
2024-01-18 12:36:32,285 [INFO] IPUIPlugin:80 - create IPUIPlugin
2024-01-18 12:36:32,285 [INFO] PluginManager:220 - loadIPPluginJar : add i3c
2024-01-18 12:36:32,291 [INFO] IPUIPlugin:80 - create IPUIPlugin
2024-01-18 12:36:32,291 [INFO] PluginManager:220 - loadIPPluginJar : add i2s
2024-01-18 12:36:32,305 [INFO] IPUIPlugin:80 - create IPUIPlugin
2024-01-18 12:36:32,312 [INFO] PluginManager:220 - loadIPPluginJar : add plateformsettings
2024-01-18 12:36:32,317 [INFO] IPUIPlugin:80 - create IPUIPlugin
2024-01-18 12:36:32,318 [INFO] PluginManager:220 - loadIPPluginJar : add dfsdm
2024-01-18 12:36:32,335 [INFO] IPUIPlugin:80 - create IPUIPlugin
2024-01-18 12:36:32,336 [INFO] PluginManager:220 - loadIPPluginJar : add adc
2024-01-18 12:36:32,341 [INFO] IPUIPlugin:80 - create IPUIPlugin
2024-01-18 12:36:32,341 [INFO] PluginManager:220 - loadIPPluginJar : add aes
2024-01-18 12:36:32,348 [INFO] IPUIPlugin:80 - create IPUIPlugin
2024-01-18 12:36:32,348 [INFO] PluginManager:220 - loadIPPluginJar : add can
2024-01-18 12:36:32,352 [INFO] IPUIPlugin:80 - create IPUIPlugin
2024-01-18 12:36:32,352 [INFO] PluginManager:220 - loadIPPluginJar : add ucpd
2024-01-18 12:36:32,357 [INFO] IPUIPlugin:80 - create IPUIPlugin
2024-01-18 12:36:32,357 [INFO] PluginManager:220 - loadIPPluginJar : add hash
2024-01-18 12:36:32,370 [INFO] IPUIPlugin:80 - create IPUIPlugin
2024-01-18 12:36:32,370 [INFO] PluginManager:220 - loadIPPluginJar : add freertos
2024-01-18 12:36:32,380 [INFO] IPUIPlugin:80 - create IPUIPlugin
2024-01-18 12:36:32,380 [INFO] PluginManager:220 - loadIPPluginJar : add gpio
2024-01-18 12:36:32,390 [INFO] IPUIPlugin:80 - create IPUIPlugin
2024-01-18 12:36:32,390 [INFO] PluginManager:220 - loadIPPluginJar : add fmc
2024-01-18 12:36:32,395 [INFO] IPUIPlugin:80 - create IPUIPlugin
2024-01-18 12:36:32,395 [INFO] PluginManager:220 - loadIPPluginJar : add gfxmmu
2024-01-18 12:36:32,402 [INFO] IPUIPlugin:80 - create IPUIPlugin
2024-01-18 12:36:32,402 [INFO] PluginManager:220 - loadIPPluginJar : add i2c
2024-01-18 12:36:32,407 [INFO] IPUIPlugin:80 - create IPUIPlugin
2024-01-18 12:36:32,407 [INFO] PluginManager:220 - loadIPPluginJar : add spi
2024-01-18 12:36:32,410 [INFO] IPUIPlugin:80 - create IPUIPlugin
2024-01-18 12:36:32,411 [INFO] PluginManager:220 - loadIPPluginJar : add ltdc
2024-01-18 12:36:32,418 [INFO] IPUIPlugin:80 - create IPUIPlugin
2024-01-18 12:36:32,418 [INFO] PluginManager:220 - loadIPPluginJar : add touchsensing
2024-01-18 12:36:32,437 [INFO] IPUIPlugin:80 - create IPUIPlugin
2024-01-18 12:36:32,437 [INFO] PluginManager:220 - loadIPPluginJar : add linkedlist
2024-01-18 12:36:32,440 [INFO] IPUIPlugin:80 - create IPUIPlugin
2024-01-18 12:36:32,440 [INFO] PluginManager:220 - loadIPPluginJar : add genericplugin
2024-01-18 12:36:32,447 [INFO] IPUIPlugin:80 - create IPUIPlugin
2024-01-18 12:36:32,447 [INFO] PluginManager:220 - loadIPPluginJar : add gtzc
2024-01-18 12:36:32,452 [INFO] IPUIPlugin:80 - create IPUIPlugin
2024-01-18 12:36:32,452 [INFO] PluginManager:220 - loadIPPluginJar : add dma3
2024-01-18 12:36:32,458 [INFO] IPUIPlugin:80 - create IPUIPlugin
2024-01-18 12:36:32,459 [INFO] PluginManager:220 - loadIPPluginJar : add pdm2pcm
2024-01-18 12:36:32,472 [INFO] IPUIPlugin:80 - create IPUIPlugin
2024-01-18 12:36:32,473 [INFO] PluginManager:220 - loadIPPluginJar : add stm32_wpan
2024-01-18 12:36:32,480 [INFO] IPUIPlugin:80 - create IPUIPlugin
2024-01-18 12:36:32,480 [INFO] PluginManager:220 - loadIPPluginJar : add resmgrutility
2024-01-18 12:36:32,487 [INFO] IPUIPlugin:80 - create IPUIPlugin
2024-01-18 12:36:32,487 [INFO] PluginManager:220 - loadIPPluginJar : add ipddr
2024-01-18 12:36:32,502 [INFO] IPUIPlugin:80 - create IPUIPlugin
2024-01-18 12:36:32,502 [INFO] PluginManager:220 - loadIPPluginJar : add dma
2024-01-18 12:36:32,505 [INFO] IPUIPlugin:80 - create IPUIPlugin
2024-01-18 12:36:32,506 [INFO] PluginManager:220 - loadIPPluginJar : add tim
2024-01-18 12:36:32,511 [INFO] IPUIPlugin:80 - create IPUIPlugin
2024-01-18 12:36:32,512 [INFO] PluginManager:220 - loadIPPluginJar : add cryp
2024-01-18 12:36:32,518 [INFO] IPUIPlugin:80 - create IPUIPlugin
2024-01-18 12:36:32,518 [INFO] PluginManager:220 - loadIPPluginJar : add opamp
2024-01-18 12:36:32,521 [INFO] IPUIPlugin:80 - create IPUIPlugin
2024-01-18 12:36:32,522 [INFO] PluginManager:220 - loadIPPluginJar : add tsc
2024-01-18 12:36:32,534 [INFO] IPUIPlugin:80 - create IPUIPlugin
2024-01-18 12:36:32,534 [INFO] PluginManager:220 - loadIPPluginJar : add gic
2024-01-18 12:36:32,537 [INFO] IPUIPlugin:80 - create IPUIPlugin
2024-01-18 12:36:32,538 [INFO] PluginManager:220 - loadIPPluginJar : add quadspi
2024-01-18 12:36:32,540 [INFO] IPUIPlugin:80 - create IPUIPlugin
2024-01-18 12:36:32,541 [INFO] PluginManager:220 - loadIPPluginJar : add fatfs
2024-01-18 12:36:32,544 [INFO] IPUIPlugin:80 - create IPUIPlugin
2024-01-18 12:36:32,544 [INFO] PluginManager:220 - loadIPPluginJar : add comp
2024-01-18 12:36:32,557 [INFO] IPUIPlugin:80 - create IPUIPlugin
2024-01-18 12:36:32,558 [INFO] PluginManager:220 - loadIPPluginJar : add mdma
2024-01-18 12:36:32,707 [INFO] CADModel:165 - CPN selected for project level
2024-01-18 12:36:32,707 [INFO] CADModel:114 - Register for checkConnection events
2024-01-18 12:36:32,708 [FATAL] Updater:308 - Updater called before beeing initialized
2024-01-18 12:36:32,708 [ERROR] CADModel:125 - Updater not yet initialized, retry later 
2024-01-18 12:36:33,017 [INFO] CADModel:165 - CPN selected for project level
2024-01-18 12:36:33,017 [INFO] CADModel:114 - Register for checkConnection events
2024-01-18 12:36:33,017 [FATAL] Updater:308 - Updater called before beeing initialized
2024-01-18 12:36:33,018 [ERROR] CADModel:125 - Updater not yet initialized, retry later 
2024-01-18 12:36:33,026 [FATAL] Updater:308 - Updater called before beeing initialized
2024-01-18 12:36:33,266 [FATAL] Updater:308 - Updater called before beeing initialized
2024-01-18 12:36:33,283 [INFO] DbMcusAds:53 - JSON generation date=Wed Nov 29 16:22:27 IST 2023 (1701255147349)
2024-01-18 12:36:33,284 [FATAL] Updater:308 - Updater called before beeing initialized
2024-01-18 12:36:33,407 [WARN] DetailPanel:346 - Failed to get advertising image, set to default
2024-01-18 12:36:33,678 [FATAL] Updater:308 - Updater called before beeing initialized
2024-01-18 12:36:33,681 [FATAL] Updater:308 - Updater called before beeing initialized
2024-01-18 12:36:33,682 [FATAL] Updater:308 - Updater called before beeing initialized
2024-01-18 12:36:33,683 [WARN] DetailPanel:346 - Failed to get advertising image, set to default
2024-01-18 12:36:33,685 [FATAL] Updater:308 - Updater called before beeing initialized
2024-01-18 12:36:33,755 [INFO] ThirdPartyUpdaterWithRetryManager:70 - Updater plugin not ready yet. [2/15]
2024-01-18 12:36:33,779 [ERROR] Updater:1120 - MainUpdater not yet initialized. External WinMGr cannot be set.
2024-01-18 12:36:33,783 [INFO] Updater:1056 - Updater Version found : 6.9.2
2024-01-18 12:36:33,834 [INFO] ApplicationProperties:184 - Using Application install path: /opt/st/stm32cubeide_1.13.2/plugins/com.st.stm32cube.common.mx_6.9.2.202309101412
2024-01-18 12:36:34,195 [INFO] MainUpdater:2868 - connection check result : 10
2024-01-18 12:36:34,197 [INFO] MainUpdater:285 - Updater Check For Update Now.
2024-01-18 12:36:34,198 [INFO] MicroXplorer:498 - Change Database Version : DB.6.0.92
2024-01-18 12:36:34,213 [INFO] McuFinderGlobals:63 - Set McuFinder mode to 2 (CubeIDE integrated)
2024-01-18 12:36:34,640 [INFO] CheckServerUpdateThread:120 - End of CheckServer Thread
2024-01-18 12:36:37,099 [WARN] PackLoader:240 - Cannot read IP mode file for STMicroelectronics.X-CUBE-SMBUS.2.1.0
2024-01-18 12:36:37,117 [WARN] PackLoader:240 - Cannot read IP mode file for STMicroelectronics.X-CUBE-TOUCHGFX.4.23.0
2024-01-18 12:36:37,236 [WARN] PackLoader:240 - Cannot read IP mode file for STMicroelectronics.X-CUBE-AZRTOS-F7.1.1.0
2024-01-18 12:36:37,286 [WARN] PackLoader:240 - Cannot read IP mode file for STMicroelectronics.FP-SNS-MOTENV1.4.3.2
2024-01-18 12:36:37,315 [WARN] PackLoader:240 - Cannot read IP mode file for STMicroelectronics.FP-SNS-FLIGHT1.5.0.2
2024-01-18 12:36:37,351 [WARN] PackLoader:240 - Cannot read IP mode file for STMicroelectronics.X-CUBE-DISPLAY.3.0.0
2024-01-18 12:36:37,403 [WARN] PackLoader:240 - Cannot read IP mode file for STMicroelectronics.X-CUBE-BLE1.7.0.0
2024-01-18 12:36:37,423 [WARN] PackLoader:240 - Cannot read IP mode file for emotas.I-CUBE-CANOPEN.1.3.0
2024-01-18 12:36:37,433 [WARN] PackLoader:240 - Cannot read IP mode file for STMicroelectronics.X-CUBE-TOUCHGFX.4.22.0
2024-01-18 12:36:37,438 [WARN] PackLoader:240 - Cannot read IP mode file for STMicroelectronics.X-CUBE-TOUCHGFX.4.22.1
2024-01-18 12:36:37,448 [WARN] PackLoader:240 - Cannot read IP mode file for STMicroelectronics.FP-SNS-SMARTAG2.1.2.0
2024-01-18 12:36:37,478 [INFO] LogOutputStream:77 - [STDOUT_REDIRECT] 1 : Invalid condition id : UX_CORESTACK_Condition cause : null
2024-01-18 12:36:37,480 [INFO] LogOutputStream:77 - [STDOUT_REDIRECT] 1 : Invalid condition id : UX_CORESTACK_Condition cause : null
2024-01-18 12:36:37,480 [INFO] LogOutputStream:77 - [STDOUT_REDIRECT] 1 : Invalid condition id : UX_CORESTACK_Condition cause : null
2024-01-18 12:36:37,481 [INFO] LogOutputStream:77 - [STDOUT_REDIRECT] 1 : Invalid condition id : UX_CORESTACK_Condition cause : null
2024-01-18 12:36:37,482 [INFO] LogOutputStream:77 - [STDOUT_REDIRECT] 1 : Invalid condition id : UX_CORESTACK_Condition cause : null
2024-01-18 12:36:37,494 [WARN] PackLoader:240 - Cannot read IP mode file for STMicroelectronics.X-CUBE-AZRTOS-WL.2.0.0
2024-01-18 12:36:37,516 [WARN] PackLoader:240 - Cannot read IP mode file for WES.I-CUBE-Cesium.1.3.0
2024-01-18 12:36:37,527 [WARN] PackLoader:240 - Cannot read IP mode file for STMicroelectronics.X-CUBE-BLE2.3.3.0
2024-01-18 12:36:37,544 [WARN] PackLoader:240 - Cannot read IP mode file for STMicroelectronics.X-CUBE-ALGOBUILD.1.3.0
2024-01-18 12:36:37,601 [WARN] PackLoader:240 - Cannot read IP mode file for STMicroelectronics.X-CUBE-AZRTOS-G0.1.1.0
2024-01-18 12:36:37,621 [WARN] PackLoader:240 - Cannot read IP mode file for STMicroelectronics.X-CUBE-NFC4.3.0.0
2024-01-18 12:36:37,647 [WARN] PackLoader:240 - Cannot read IP mode file for STMicroelectronics.X-CUBE-BLEMGR.3.0.0
2024-01-18 12:36:37,661 [WARN] PackLoader:240 - Cannot read IP mode file for STMicroelectronics.FP-ATR-SIGFOX1.3.2.0
2024-01-18 12:36:37,781 [WARN] PackLoader:240 - Cannot read IP mode file for SEGGER.I-CUBE-embOS.1.3.1
2024-01-18 12:36:38,016 [WARN] PackLoader:240 - Cannot read IP mode file for STMicroelectronics.X-CUBE-GNSS1.6.0.0
2024-01-18 12:36:38,099 [WARN] PackLoader:240 - Cannot read IP mode file for STMicroelectronics.X-CUBE-AZRTOS-F4.1.1.0
2024-01-18 12:36:38,122 [WARN] PackLoader:240 - Cannot read IP mode file for wolfSSL.I-CUBE-wolfSSL.5.6.3
2024-01-18 12:36:38,166 [WARN] PackLoader:240 - Cannot read IP mode file for STMicroelectronics.X-CUBE-AZRTOS-L5.2.0.0
2024-01-18 12:36:38,285 [WARN] PackLoader:240 - Cannot read IP mode file for STMicroelectronics.X-CUBE-MEMS1.9.6.0
2024-01-18 12:36:38,848 [WARN] PackLoader:240 - Cannot read IP mode file for STMicroelectronics.X-CUBE-EEPRMA1.4.2.0
2024-01-18 12:36:38,865 [WARN] PackLoader:240 - Cannot read IP mode file for ITTIA_DB.I-CUBE-ITTIADB.8.8.0
2024-01-18 12:36:38,894 [WARN] PackLoader:240 - Cannot read IP mode file for STMicroelectronics.X-CUBE-BLEMGR.2.0.0
2024-01-18 12:36:38,980 [WARN] ConditionMgr:438 - getConditionDescription Invalid condition id : UX DEVICE CLASS RTOS Condition cause : null
2024-01-18 12:36:38,981 [WARN] ConditionMgr:438 - getConditionDescription Invalid condition id : UX DEVICE CLASS RTOS Condition cause : null
2024-01-18 12:36:38,998 [WARN] PackLoader:240 - Cannot read IP mode file for STMicroelectronics.X-CUBE-AZRTOS-H7.3.1.0
2024-01-18 12:36:39,003 [WARN] ConditionMgr:1039 - genDependencies : Invalid condition id : UX DEVICE CLASS RTOS Condition cause : null
2024-01-18 12:36:39,003 [WARN] ConditionMgr:1039 - genDependencies : Invalid condition id : UX DEVICE CLASS RTOS Condition cause : null
2024-01-18 12:36:39,006 [WARN] ConditionMgr:1039 - genDependencies : Invalid condition id : UX DEVICE CLASS RTOS Condition cause : null
2024-01-18 12:36:39,008 [WARN] ConditionMgr:1039 - genDependencies : Invalid condition id : UX DEVICE CLASS RTOS Condition cause : null
2024-01-18 12:36:39,009 [WARN] ConditionMgr:1039 - genDependencies : Invalid condition id : UX DEVICE CLASS RTOS Condition cause : null
2024-01-18 12:36:39,030 [WARN] PackLoader:240 - Cannot read IP mode file for STMicroelectronics.X-CUBE-NFC7.1.0.1
2024-01-18 12:36:39,058 [WARN] PackLoader:240 - Cannot read IP mode file for STMicroelectronics.X-CUBE-NFC6.3.0.0
2024-01-18 12:36:39,083 [WARN] PackLoader:240 - Cannot read IP mode file for STMicroelectronics.X-CUBE-EEPRMA1.4.1.0
2024-01-18 12:36:39,129 [WARN] PackLoader:240 - Cannot read IP mode file for STMicroelectronics.X-CUBE-AI.8.1.0
2024-01-18 12:36:39,250 [WARN] ConditionMgr:438 - getConditionDescription Invalid condition id : LAN8742 Phy interface Condition cause : null
2024-01-18 12:36:39,253 [WARN] PackLoader:240 - Cannot read IP mode file for STMicroelectronics.X-CUBE-AZRTOS-L4.2.0.0
2024-01-18 12:36:39,275 [WARN] ConditionMgr:1039 - genDependencies : Invalid condition id : LAN8742 Phy interface Condition cause : null
2024-01-18 12:36:39,277 [WARN] ConditionMgr:1039 - genDependencies : Invalid condition id : LAN8742 Phy interface Condition cause : null
2024-01-18 12:36:39,281 [WARN] ConditionMgr:1039 - genDependencies : Invalid condition id : LAN8742 Phy interface Condition cause : null
2024-01-18 12:36:39,335 [WARN] PackLoader:240 - Cannot read IP mode file for STMicroelectronics.X-CUBE-SFXS2LP1.4.0.0
2024-01-18 12:36:39,347 [WARN] PackLoader:240 - Cannot read IP mode file for STMicroelectronics.X-CUBE-ISPU.1.1.0
2024-01-18 12:36:39,382 [WARN] ConditionMgr:438 - getConditionDescription Invalid condition id : UX DEVICE CLASS RTOS Condition cause : null
2024-01-18 12:36:39,383 [WARN] ConditionMgr:438 - getConditionDescription Invalid condition id : UX DEVICE CLASS RTOS Condition cause : null
2024-01-18 12:36:39,391 [WARN] PackLoader:240 - Cannot read IP mode file for STMicroelectronics.X-CUBE-AZRTOS-WB.2.0.0
2024-01-18 12:36:39,393 [WARN] ConditionMgr:1039 - genDependencies : Invalid condition id : UX DEVICE CLASS RTOS Condition cause : null
2024-01-18 12:36:39,393 [WARN] ConditionMgr:1039 - genDependencies : Invalid condition id : UX DEVICE CLASS RTOS Condition cause : null
2024-01-18 12:36:39,395 [WARN] ConditionMgr:1039 - genDependencies : Invalid condition id : UX DEVICE CLASS RTOS Condition cause : null
2024-01-18 12:36:39,396 [WARN] ConditionMgr:1039 - genDependencies : Invalid condition id : UX DEVICE CLASS RTOS Condition cause : null
2024-01-18 12:36:39,396 [WARN] ConditionMgr:1039 - genDependencies : Invalid condition id : UX DEVICE CLASS RTOS Condition cause : null
2024-01-18 12:36:39,424 [WARN] PackLoader:240 - Cannot read IP mode file for STMicroelectronics.X-CUBE-SUBG2.5.0.0
2024-01-18 12:36:39,467 [WARN] PackLoader:240 - Cannot read IP mode file for STMicroelectronics.X-CUBE-TOF1.3.3.1
2024-01-18 12:36:39,581 [WARN] PackLoader:240 - Cannot read IP mode file for STMicroelectronics.X-CUBE-AZRTOS-G4.2.0.0
2024-01-18 12:36:39,641 [WARN] PackLoader:240 - Cannot read IP mode file for Infineon.AIROC-Wi-Fi-Bluetooth-STM32.1.5.1
2024-01-18 12:36:39,667 [WARN] PackLoader:240 - Cannot read IP mode file for STMicroelectronics.FP-SNS-MOTENVWB1.1.3.1
2024-01-18 12:36:39,678 [WARN] PackLoader:240 - Cannot read IP mode file for STMicroelectronics.X-CUBE-ISPU.2.0.0
2024-01-18 12:36:39,851 [WARN] PackLoader:240 - Cannot read IP mode file for STMicroelectronics.X-CUBE-MEMS1.10.0.0
2024-01-18 12:36:40,212 [WARN] PackLoader:240 - Cannot read IP mode file for STMicroelectronics.X-CUBE-FREERTOS.1.1.0
2024-01-18 12:36:40,220 [WARN] PackLoader:240 - Cannot read IP mode file for portGmbH.I-Cube-SoM-uGOAL.1.1.0
2024-01-18 12:36:40,228 [WARN] PackLoader:240 - Cannot read IP mode file for STMicroelectronics.X-CUBE-ALS.1.0.1
2024-01-18 12:36:40,234 [WARN] PackLoader:240 - Cannot read IP mode file for STMicroelectronics.FP-ATR-ASTRA1.2.0.0
2024-01-18 12:36:40,255 [WARN] PackLoader:240 - Cannot read IP mode file for STMicroelectronics.X-CUBE-TOF1.3.4.0
2024-01-18 12:36:40,339 [WARN] PackLoader:240 - Cannot read IP mode file for STMicroelectronics.X-CUBE-AZRTOS-H7.3.2.0
2024-01-18 12:36:40,348 [INFO] ThirdParty:978 - Integrity check success = true
2024-01-18 12:36:40,349 [INFO] IntegrityCheckThread:100 - exiting critical section [integrity check]
2024-01-18 12:36:40,349 [INFO] IntegrityCheckThread:103 - End integrity checks thread
2024-01-18 12:38:47,530 [INFO] Activator:176 - 


2024-01-18 12:38:47,534 [INFO] Activator:177 - !SESSION log4j initialized
2024-01-18 12:38:57,226 [INFO] LogOutputStream:77 - [STDOUT_REDIRECT] 
2024-01-18 12:38:58,578 [INFO] ApplicationProperties:184 - Using Application install path: /opt/st/stm32cubeide_1.13.2/plugins/com.st.stm32cube.common.mx_6.9.2.202309101412
2024-01-18 12:38:58,618 [INFO] DbMcusXml:78 - Set database path to: /opt/st/stm32cubeide_1.13.2/plugins/com.st.stm32cube.common.mx_6.9.2.202309101412//db//mcu/
2024-01-18 12:38:58,619 [INFO] ApiDb:274 - Set plugin database path to: /opt/st/stm32cubeide_1.13.2/plugins/com.st.stm32cube.common.mx_6.9.2.202309101412//db//plugins/boardmanager/
2024-01-18 12:38:58,619 [WARN] ApiDb:259 - Overriding images path with different value:  => /opt/st/stm32cubeide_1.13.2/plugins/com.st.stm32cube.common.mx_6.9.2.202309101412//db//plugins/mcufinder/images/
2024-01-18 12:38:58,637 [INFO] ApiDb:250 - Set database path to: /home/sunbeam/.stmcufinder/plugins/mcufinder//mcu/
2024-01-18 12:38:58,640 [INFO] DbMcusAds:125 - Set database path to: /home/sunbeam/.stmcufinder/plugins/mcufinder//mcu/
2024-01-18 12:38:58,646 [INFO] CrossReferenceDbSqlite:203 - Set database path to: /home/sunbeam/.stmcufinder/plugins/mcufinder//mcu/cs/
2024-01-18 12:38:59,129 [INFO] RulesReader:64 - Compatibility file has been processed (293 Rules)
2024-01-18 12:38:59,330 [INFO] DbMcusXml:78 - Set database path to: /opt/st/stm32cubeide_1.13.2/plugins/com.st.stm32cube.common.mx_6.9.2.202309101412//db//mcu/
2024-01-18 12:38:59,331 [INFO] ApiDb:274 - Set plugin database path to: /opt/st/stm32cubeide_1.13.2/plugins/com.st.stm32cube.common.mx_6.9.2.202309101412//db//plugins/boardmanager/
2024-01-18 12:38:59,332 [INFO] ApiDb:261 - Set plugin images path to: /opt/st/stm32cubeide_1.13.2/plugins/com.st.stm32cube.common.mx_6.9.2.202309101412//db//plugins/mcufinder/images/
2024-01-18 12:38:59,332 [WARN] DbFile:41 - Overriding database path with different value: /home/sunbeam/.stmcufinder/plugins/mcufinder/ => /home/sunbeam/.stmcufinder/plugins/mcufinder
2024-01-18 12:38:59,333 [INFO] ApiDb:250 - Set database path to: /home/sunbeam/.stmcufinder/plugins/mcufinder//mcu/
2024-01-18 12:38:59,333 [WARN] DbFile:41 - Overriding database path with different value: /home/sunbeam/.stmcufinder/plugins/mcufinder/ => /home/sunbeam/.stmcufinder/plugins/mcufinder
2024-01-18 12:38:59,333 [INFO] DbMcusAds:125 - Set database path to: /home/sunbeam/.stmcufinder/plugins/mcufinder//mcu/
2024-01-18 12:38:59,334 [WARN] DbFile:41 - Overriding database path with different value: /home/sunbeam/.stmcufinder/plugins/mcufinder/ => /home/sunbeam/.stmcufinder/plugins/mcufinder
2024-01-18 12:38:59,334 [WARN] DbFile:41 - Overriding database path with different value: /home/sunbeam/.stmcufinder/plugins/mcufinder/ => /home/sunbeam/.stmcufinder/plugins/mcufinder
2024-01-18 12:38:59,335 [INFO] CrossReferenceDbSqlite:203 - Set database path to: /home/sunbeam/.stmcufinder/plugins/mcufinder//mcu/cs/
2024-01-18 12:38:59,560 [INFO] MainPanel:262 - HeapMemory: 268435456
2024-01-18 12:38:59,804 [INFO] DbMcusXml:78 - Set database path to: /opt/st/stm32cubeide_1.13.2/plugins/com.st.stm32cube.common.mx_6.9.2.202309101412//db//mcu/
2024-01-18 12:38:59,805 [INFO] ApiDb:274 - Set plugin database path to: /opt/st/stm32cubeide_1.13.2/plugins/com.st.stm32cube.common.mx_6.9.2.202309101412//db//plugins/boardmanager/
2024-01-18 12:38:59,805 [INFO] ApiDb:261 - Set plugin images path to: /opt/st/stm32cubeide_1.13.2/plugins/com.st.stm32cube.common.mx_6.9.2.202309101412//db//plugins/mcufinder/images/
2024-01-18 12:38:59,807 [WARN] DbFile:41 - Overriding database path with different value: /home/sunbeam/.stmcufinder/plugins/mcufinder/ => /home/sunbeam/.stmcufinder/plugins/mcufinder
2024-01-18 12:38:59,807 [INFO] ApiDb:250 - Set database path to: /home/sunbeam/.stmcufinder/plugins/mcufinder//mcu/
2024-01-18 12:38:59,808 [WARN] DbFile:41 - Overriding database path with different value: /home/sunbeam/.stmcufinder/plugins/mcufinder/ => /home/sunbeam/.stmcufinder/plugins/mcufinder
2024-01-18 12:38:59,808 [INFO] DbMcusAds:125 - Set database path to: /home/sunbeam/.stmcufinder/plugins/mcufinder//mcu/
2024-01-18 12:38:59,809 [WARN] DbFile:41 - Overriding database path with different value: /home/sunbeam/.stmcufinder/plugins/mcufinder/ => /home/sunbeam/.stmcufinder/plugins/mcufinder
2024-01-18 12:38:59,809 [WARN] DbFile:41 - Overriding database path with different value: /home/sunbeam/.stmcufinder/plugins/mcufinder/ => /home/sunbeam/.stmcufinder/plugins/mcufinder
2024-01-18 12:38:59,810 [INFO] CrossReferenceDbSqlite:203 - Set database path to: /home/sunbeam/.stmcufinder/plugins/mcufinder//mcu/cs/
2024-01-18 12:38:59,864 [INFO] ApplicationProperties:184 - Using Application install path: /opt/st/stm32cubeide_1.13.2/plugins/com.st.stm32cube.common.mx_6.9.2.202309101412
2024-01-18 12:38:59,871 [INFO] PluginManage:196 - Search for loadable plugins [exclusion list=, ]
2024-01-18 12:38:59,875 [INFO] PluginManage:310 - Check plugin analytics
2024-01-18 12:39:00,484 [INFO] AnalyticsPlugin:253 - Accepted Software Licenses: 
2024-01-18 12:39:00,484 [INFO] AnalyticsPlugin:255 - Accepted CMSIS Pack Licenses: 
2024-01-18 12:39:00,485 [INFO] AnalyticsPlugin:257 - Accepted Firmware Licenses: FW.F4.1.27.0
2024-01-18 12:39:00,494 [INFO] PluginManage:359 - Loaded plugin analytics (category:tool,tabindex:-1)
2024-01-18 12:39:00,496 [INFO] PluginManage:310 - Check plugin cadmodel
2024-01-18 12:39:00,572 [INFO] CADModel:105 - Init CAD model plugin
2024-01-18 12:39:00,573 [INFO] PluginManage:359 - Loaded plugin cadmodel (category:power,tabindex:5)
2024-01-18 12:39:00,574 [INFO] PluginManage:310 - Check plugin clock
2024-01-18 12:39:00,598 [INFO] PluginManage:359 - Loaded plugin clock (category:base,tabindex:2)
2024-01-18 12:39:00,599 [INFO] PluginManage:310 - Check plugin ddr
2024-01-18 12:39:00,603 [INFO] PluginManage:359 - Loaded plugin ddr (category:tool,tabindex:6)
2024-01-18 12:39:00,604 [INFO] PluginManage:310 - Check plugin filemanager
2024-01-18 12:39:00,970 [INFO] PluginManage:359 - Loaded plugin filemanager (category:base,tabindex:10)
2024-01-18 12:39:00,971 [INFO] PluginManage:310 - Check plugin ipmanager
2024-01-18 12:39:00,988 [INFO] PluginManage:359 - Loaded plugin ipmanager (category:base,tabindex:5)
2024-01-18 12:39:00,989 [INFO] PluginManage:310 - Check plugin lpbam
2024-01-18 12:39:01,015 [INFO] PluginManage:359 - Loaded plugin lpbam (category:base,tabindex:0)
2024-01-18 12:39:01,015 [INFO] PluginManage:310 - Check plugin memorymap
2024-01-18 12:39:01,051 [INFO] PluginManage:359 - Loaded plugin memorymap (category:base,tabindex:4)
2024-01-18 12:39:01,052 [INFO] PluginManage:310 - Check plugin pinoutandconfiguration
2024-01-18 12:39:01,076 [INFO] PluginManage:359 - Loaded plugin pinoutandconfiguration (category:base,tabindex:1)
2024-01-18 12:39:01,077 [INFO] PluginManage:310 - Check plugin pinoutconfig
2024-01-18 12:39:01,380 [WARN] SupportedApi:132 - Cannot load RTOS API schema: s4s-elt-must-match.1: The content of 'definitions' must match (annotation?, (simpleType | complexType)?, (unique | key | keyref)*)). A problem was found starting at: attribute.
2024-01-18 12:39:01,867 [INFO] PluginManage:359 - Loaded plugin pinoutconfig (category:base,tabindex:0)
2024-01-18 12:39:01,868 [INFO] PluginManage:310 - Check plugin power
2024-01-18 12:39:01,896 [INFO] PluginManage:359 - Loaded plugin power (category:power,tabindex:4)
2024-01-18 12:39:01,897 [INFO] PluginManage:310 - Check plugin projectmanager
2024-01-18 12:39:01,947 [INFO] PluginManage:359 - Loaded plugin projectmanager (category:projectmanager,tabindex:3)
2024-01-18 12:39:01,948 [INFO] PluginManage:310 - Check plugin thirdparty
2024-01-18 12:39:02,347 [INFO] PluginManage:359 - Loaded plugin thirdparty (category:base,tabindex:-1)
2024-01-18 12:39:02,347 [WARN] IntegrityCheckThread:84 - waiting for thirdparty lock release [integrity check]
2024-01-18 12:39:02,348 [INFO] PluginManage:310 - Check plugin tools
2024-01-18 12:39:02,348 [INFO] IntegrityCheckThread:86 - entering critical section [integrity check]
2024-01-18 12:39:02,349 [INFO] ThirdPartyUpdaterWithRetryManager:70 - Updater plugin not ready yet. [1/15]
2024-01-18 12:39:02,353 [INFO] PluginManage:359 - Loaded plugin tools (category:base,tabindex:7)
2024-01-18 12:39:02,353 [INFO] PluginManage:310 - Check plugin tutovideos
2024-01-18 12:39:02,738 [INFO] PluginManage:359 - Loaded plugin tutovideos (category:base,tabindex:-1)
2024-01-18 12:39:02,738 [INFO] PluginManage:310 - Check plugin updater
2024-01-18 12:39:02,757 [INFO] PluginManage:359 - Loaded plugin updater (category:base,tabindex:12)
2024-01-18 12:39:02,757 [INFO] PluginManage:310 - Check plugin userauth
2024-01-18 12:39:02,767 [INFO] UserAuth:113 - Init User Auth plugin
2024-01-18 12:39:02,767 [INFO] PluginManage:359 - Loaded plugin userauth (category:base,tabindex:14)
2024-01-18 12:39:02,768 [INFO] PluginManage:283 - PluginManage : Loaded plugins [17]
2024-01-18 12:39:03,233 [INFO] PinOutPanel:1499 - setPackage(No Configuration,No Configuration)
2024-01-18 12:39:03,459 [INFO] CADModel:165 - CPN selected for project level
2024-01-18 12:39:03,460 [INFO] CADModel:114 - Register for checkConnection events
2024-01-18 12:39:03,488 [INFO] IPUIPlugin:80 - create IPUIPlugin
2024-01-18 12:39:03,489 [INFO] PluginManager:220 - loadIPPluginJar : add openamp
2024-01-18 12:39:03,494 [INFO] IPUIPlugin:80 - create IPUIPlugin
2024-01-18 12:39:03,494 [INFO] PluginManager:220 - loadIPPluginJar : add tracer_emb
2024-01-18 12:39:03,508 [INFO] IPUIPlugin:80 - create IPUIPlugin
2024-01-18 12:39:03,509 [INFO] PluginManager:220 - loadIPPluginJar : add sai
2024-01-18 12:39:03,517 [INFO] IPUIPlugin:80 - create IPUIPlugin
2024-01-18 12:39:03,517 [INFO] PluginManager:220 - loadIPPluginJar : add usbx
2024-01-18 12:39:03,524 [INFO] IPUIPlugin:80 - create IPUIPlugin
2024-01-18 12:39:03,525 [INFO] PluginManager:220 - loadIPPluginJar : add lorawan
2024-01-18 12:39:03,534 [INFO] IPUIPlugin:80 - create IPUIPlugin
2024-01-18 12:39:03,536 [INFO] PluginManager:220 - loadIPPluginJar : add nvic
2024-01-18 12:39:03,542 [INFO] IPUIPlugin:80 - create IPUIPlugin
2024-01-18 12:39:03,543 [INFO] PluginManager:220 - loadIPPluginJar : add usart
2024-01-18 12:39:03,548 [INFO] IPUIPlugin:80 - create IPUIPlugin
2024-01-18 12:39:03,548 [INFO] PluginManager:220 - loadIPPluginJar : add ts
2024-01-18 12:39:03,555 [INFO] IPUIPlugin:80 - create IPUIPlugin
2024-01-18 12:39:03,556 [INFO] PluginManager:220 - loadIPPluginJar : add i3c
2024-01-18 12:39:03,562 [INFO] IPUIPlugin:80 - create IPUIPlugin
2024-01-18 12:39:03,563 [INFO] PluginManager:220 - loadIPPluginJar : add i2s
2024-01-18 12:39:03,579 [INFO] IPUIPlugin:80 - create IPUIPlugin
2024-01-18 12:39:03,588 [INFO] PluginManager:220 - loadIPPluginJar : add plateformsettings
2024-01-18 12:39:03,593 [INFO] IPUIPlugin:80 - create IPUIPlugin
2024-01-18 12:39:03,593 [INFO] PluginManager:220 - loadIPPluginJar : add dfsdm
2024-01-18 12:39:03,610 [INFO] IPUIPlugin:80 - create IPUIPlugin
2024-01-18 12:39:03,611 [INFO] PluginManager:220 - loadIPPluginJar : add adc
2024-01-18 12:39:03,616 [INFO] IPUIPlugin:80 - create IPUIPlugin
2024-01-18 12:39:03,616 [INFO] PluginManager:220 - loadIPPluginJar : add aes
2024-01-18 12:39:03,621 [INFO] IPUIPlugin:80 - create IPUIPlugin
2024-01-18 12:39:03,622 [INFO] PluginManager:220 - loadIPPluginJar : add can
2024-01-18 12:39:03,626 [INFO] IPUIPlugin:80 - create IPUIPlugin
2024-01-18 12:39:03,626 [INFO] PluginManager:220 - loadIPPluginJar : add ucpd
2024-01-18 12:39:03,630 [INFO] IPUIPlugin:80 - create IPUIPlugin
2024-01-18 12:39:03,631 [INFO] PluginManager:220 - loadIPPluginJar : add hash
2024-01-18 12:39:03,643 [INFO] IPUIPlugin:80 - create IPUIPlugin
2024-01-18 12:39:03,643 [INFO] PluginManager:220 - loadIPPluginJar : add freertos
2024-01-18 12:39:03,651 [INFO] IPUIPlugin:80 - create IPUIPlugin
2024-01-18 12:39:03,652 [INFO] PluginManager:220 - loadIPPluginJar : add gpio
2024-01-18 12:39:03,661 [INFO] IPUIPlugin:80 - create IPUIPlugin
2024-01-18 12:39:03,662 [INFO] PluginManager:220 - loadIPPluginJar : add fmc
2024-01-18 12:39:03,666 [INFO] IPUIPlugin:80 - create IPUIPlugin
2024-01-18 12:39:03,666 [INFO] PluginManager:220 - loadIPPluginJar : add gfxmmu
2024-01-18 12:39:03,671 [INFO] IPUIPlugin:80 - create IPUIPlugin
2024-01-18 12:39:03,672 [INFO] PluginManager:220 - loadIPPluginJar : add i2c
2024-01-18 12:39:03,676 [INFO] IPUIPlugin:80 - create IPUIPlugin
2024-01-18 12:39:03,676 [INFO] PluginManager:220 - loadIPPluginJar : add spi
2024-01-18 12:39:03,679 [INFO] IPUIPlugin:80 - create IPUIPlugin
2024-01-18 12:39:03,679 [INFO] PluginManager:220 - loadIPPluginJar : add ltdc
2024-01-18 12:39:03,685 [INFO] IPUIPlugin:80 - create IPUIPlugin
2024-01-18 12:39:03,685 [INFO] PluginManager:220 - loadIPPluginJar : add touchsensing
2024-01-18 12:39:03,701 [INFO] IPUIPlugin:80 - create IPUIPlugin
2024-01-18 12:39:03,702 [INFO] PluginManager:220 - loadIPPluginJar : add linkedlist
2024-01-18 12:39:03,705 [INFO] IPUIPlugin:80 - create IPUIPlugin
2024-01-18 12:39:03,705 [INFO] PluginManager:220 - loadIPPluginJar : add genericplugin
2024-01-18 12:39:03,710 [INFO] IPUIPlugin:80 - create IPUIPlugin
2024-01-18 12:39:03,710 [INFO] PluginManager:220 - loadIPPluginJar : add gtzc
2024-01-18 12:39:03,714 [INFO] IPUIPlugin:80 - create IPUIPlugin
2024-01-18 12:39:03,715 [INFO] PluginManager:220 - loadIPPluginJar : add dma3
2024-01-18 12:39:03,720 [INFO] IPUIPlugin:80 - create IPUIPlugin
2024-01-18 12:39:03,720 [INFO] PluginManager:220 - loadIPPluginJar : add pdm2pcm
2024-01-18 12:39:03,730 [INFO] IPUIPlugin:80 - create IPUIPlugin
2024-01-18 12:39:03,730 [INFO] PluginManager:220 - loadIPPluginJar : add stm32_wpan
2024-01-18 12:39:03,736 [INFO] IPUIPlugin:80 - create IPUIPlugin
2024-01-18 12:39:03,737 [INFO] PluginManager:220 - loadIPPluginJar : add resmgrutility
2024-01-18 12:39:03,743 [INFO] IPUIPlugin:80 - create IPUIPlugin
2024-01-18 12:39:03,743 [INFO] PluginManager:220 - loadIPPluginJar : add ipddr
2024-01-18 12:39:03,756 [INFO] IPUIPlugin:80 - create IPUIPlugin
2024-01-18 12:39:03,756 [INFO] PluginManager:220 - loadIPPluginJar : add dma
2024-01-18 12:39:03,759 [INFO] IPUIPlugin:80 - create IPUIPlugin
2024-01-18 12:39:03,760 [INFO] PluginManager:220 - loadIPPluginJar : add tim
2024-01-18 12:39:03,764 [INFO] IPUIPlugin:80 - create IPUIPlugin
2024-01-18 12:39:03,764 [INFO] PluginManager:220 - loadIPPluginJar : add cryp
2024-01-18 12:39:03,769 [INFO] IPUIPlugin:80 - create IPUIPlugin
2024-01-18 12:39:03,769 [INFO] PluginManager:220 - loadIPPluginJar : add opamp
2024-01-18 12:39:03,772 [INFO] IPUIPlugin:80 - create IPUIPlugin
2024-01-18 12:39:03,773 [INFO] PluginManager:220 - loadIPPluginJar : add tsc
2024-01-18 12:39:03,783 [INFO] IPUIPlugin:80 - create IPUIPlugin
2024-01-18 12:39:03,784 [INFO] PluginManager:220 - loadIPPluginJar : add gic
2024-01-18 12:39:03,786 [INFO] IPUIPlugin:80 - create IPUIPlugin
2024-01-18 12:39:03,787 [INFO] PluginManager:220 - loadIPPluginJar : add quadspi
2024-01-18 12:39:03,789 [INFO] IPUIPlugin:80 - create IPUIPlugin
2024-01-18 12:39:03,790 [INFO] PluginManager:220 - loadIPPluginJar : add fatfs
2024-01-18 12:39:03,792 [INFO] IPUIPlugin:80 - create IPUIPlugin
2024-01-18 12:39:03,792 [INFO] PluginManager:220 - loadIPPluginJar : add comp
2024-01-18 12:39:03,805 [INFO] IPUIPlugin:80 - create IPUIPlugin
2024-01-18 12:39:03,805 [INFO] PluginManager:220 - loadIPPluginJar : add mdma
2024-01-18 12:39:03,949 [INFO] CADModel:165 - CPN selected for project level
2024-01-18 12:39:03,949 [INFO] CADModel:114 - Register for checkConnection events
2024-01-18 12:39:03,950 [FATAL] Updater:308 - Updater called before beeing initialized
2024-01-18 12:39:03,950 [ERROR] CADModel:125 - Updater not yet initialized, retry later 
2024-01-18 12:39:04,210 [INFO] CADModel:165 - CPN selected for project level
2024-01-18 12:39:04,211 [INFO] CADModel:114 - Register for checkConnection events
2024-01-18 12:39:04,211 [FATAL] Updater:308 - Updater called before beeing initialized
2024-01-18 12:39:04,211 [ERROR] CADModel:125 - Updater not yet initialized, retry later 
2024-01-18 12:39:04,218 [FATAL] Updater:308 - Updater called before beeing initialized
2024-01-18 12:39:04,393 [FATAL] Updater:308 - Updater called before beeing initialized
2024-01-18 12:39:04,406 [INFO] DbMcusAds:53 - JSON generation date=Wed Nov 29 16:22:27 IST 2023 (1701255147349)
2024-01-18 12:39:04,407 [FATAL] Updater:308 - Updater called before beeing initialized
2024-01-18 12:39:04,497 [WARN] DetailPanel:346 - Failed to get advertising image, set to default
2024-01-18 12:39:04,724 [FATAL] Updater:308 - Updater called before beeing initialized
2024-01-18 12:39:04,727 [FATAL] Updater:308 - Updater called before beeing initialized
2024-01-18 12:39:04,727 [FATAL] Updater:308 - Updater called before beeing initialized
2024-01-18 12:39:04,728 [WARN] DetailPanel:346 - Failed to get advertising image, set to default
2024-01-18 12:39:04,729 [FATAL] Updater:308 - Updater called before beeing initialized
2024-01-18 12:39:04,796 [ERROR] Updater:1120 - MainUpdater not yet initialized. External WinMGr cannot be set.
2024-01-18 12:39:04,800 [INFO] Updater:1056 - Updater Version found : 6.9.2
2024-01-18 12:39:04,838 [INFO] ApplicationProperties:184 - Using Application install path: /opt/st/stm32cubeide_1.13.2/plugins/com.st.stm32cube.common.mx_6.9.2.202309101412
2024-01-18 12:39:05,108 [INFO] MainUpdater:2868 - connection check result : 10
2024-01-18 12:39:05,109 [INFO] MainUpdater:285 - Updater Check For Update Now.
2024-01-18 12:39:05,110 [INFO] MicroXplorer:498 - Change Database Version : DB.6.0.92
2024-01-18 12:39:05,120 [INFO] McuFinderGlobals:63 - Set McuFinder mode to 2 (CubeIDE integrated)
2024-01-18 12:39:05,350 [WARN] MainUpdater:1189 - Updater busy. Cannot search thirdparties
2024-01-18 12:39:05,351 [INFO] ThirdPartyUpdaterWithRetryManager:96 - Updater plugin is busy. [1/15]
2024-01-18 12:39:05,435 [INFO] CheckServerUpdateThread:120 - End of CheckServer Thread
2024-01-18 12:39:08,614 [WARN] PackLoader:240 - Cannot read IP mode file for STMicroelectronics.X-CUBE-SMBUS.2.1.0
2024-01-18 12:39:08,628 [WARN] PackLoader:240 - Cannot read IP mode file for STMicroelectronics.X-CUBE-TOUCHGFX.4.23.0
2024-01-18 12:39:08,766 [WARN] PackLoader:240 - Cannot read IP mode file for STMicroelectronics.X-CUBE-AZRTOS-F7.1.1.0
2024-01-18 12:39:08,799 [WARN] PackLoader:240 - Cannot read IP mode file for STMicroelectronics.FP-SNS-MOTENV1.4.3.2
2024-01-18 12:39:08,817 [WARN] PackLoader:240 - Cannot read IP mode file for STMicroelectronics.FP-SNS-FLIGHT1.5.0.2
2024-01-18 12:39:08,840 [WARN] PackLoader:240 - Cannot read IP mode file for STMicroelectronics.X-CUBE-DISPLAY.3.0.0
2024-01-18 12:39:08,871 [WARN] PackLoader:240 - Cannot read IP mode file for STMicroelectronics.X-CUBE-BLE1.7.0.0
2024-01-18 12:39:08,884 [WARN] PackLoader:240 - Cannot read IP mode file for emotas.I-CUBE-CANOPEN.1.3.0
2024-01-18 12:39:08,890 [WARN] PackLoader:240 - Cannot read IP mode file for STMicroelectronics.X-CUBE-TOUCHGFX.4.22.0
2024-01-18 12:39:08,895 [WARN] PackLoader:240 - Cannot read IP mode file for STMicroelectronics.X-CUBE-TOUCHGFX.4.22.1
2024-01-18 12:39:08,905 [WARN] PackLoader:240 - Cannot read IP mode file for STMicroelectronics.FP-SNS-SMARTAG2.1.2.0
2024-01-18 12:39:08,937 [INFO] LogOutputStream:77 - [STDOUT_REDIRECT] 1 : Invalid condition id : UX_CORESTACK_Condition cause : null
2024-01-18 12:39:08,939 [INFO] LogOutputStream:77 - [STDOUT_REDIRECT] 1 : Invalid condition id : UX_CORESTACK_Condition cause : null
2024-01-18 12:39:08,939 [INFO] LogOutputStream:77 - [STDOUT_REDIRECT] 1 : Invalid condition id : UX_CORESTACK_Condition cause : null
2024-01-18 12:39:08,940 [INFO] LogOutputStream:77 - [STDOUT_REDIRECT] 1 : Invalid condition id : UX_CORESTACK_Condition cause : null
2024-01-18 12:39:08,940 [INFO] LogOutputStream:77 - [STDOUT_REDIRECT] 1 : Invalid condition id : UX_CORESTACK_Condition cause : null
2024-01-18 12:39:08,954 [WARN] PackLoader:240 - Cannot read IP mode file for STMicroelectronics.X-CUBE-AZRTOS-WL.2.0.0
2024-01-18 12:39:08,975 [WARN] PackLoader:240 - Cannot read IP mode file for WES.I-CUBE-Cesium.1.3.0
2024-01-18 12:39:08,986 [WARN] PackLoader:240 - Cannot read IP mode file for STMicroelectronics.X-CUBE-BLE2.3.3.0
2024-01-18 12:39:09,002 [WARN] PackLoader:240 - Cannot read IP mode file for STMicroelectronics.X-CUBE-ALGOBUILD.1.3.0
2024-01-18 12:39:09,058 [WARN] PackLoader:240 - Cannot read IP mode file for STMicroelectronics.X-CUBE-AZRTOS-G0.1.1.0
2024-01-18 12:39:09,078 [WARN] PackLoader:240 - Cannot read IP mode file for STMicroelectronics.X-CUBE-NFC4.3.0.0
2024-01-18 12:39:09,105 [WARN] PackLoader:240 - Cannot read IP mode file for STMicroelectronics.X-CUBE-BLEMGR.3.0.0
2024-01-18 12:39:09,119 [WARN] PackLoader:240 - Cannot read IP mode file for STMicroelectronics.FP-ATR-SIGFOX1.3.2.0
2024-01-18 12:39:09,211 [WARN] PackLoader:240 - Cannot read IP mode file for SEGGER.I-CUBE-embOS.1.3.1
2024-01-18 12:39:09,335 [WARN] PackLoader:240 - Cannot read IP mode file for STMicroelectronics.X-CUBE-GNSS1.6.0.0
2024-01-18 12:39:09,402 [WARN] PackLoader:240 - Cannot read IP mode file for STMicroelectronics.X-CUBE-AZRTOS-F4.1.1.0
2024-01-18 12:39:09,416 [WARN] PackLoader:240 - Cannot read IP mode file for wolfSSL.I-CUBE-wolfSSL.5.6.3
2024-01-18 12:39:09,469 [WARN] PackLoader:240 - Cannot read IP mode file for STMicroelectronics.X-CUBE-AZRTOS-L5.2.0.0
2024-01-18 12:39:09,632 [WARN] PackLoader:240 - Cannot read IP mode file for STMicroelectronics.X-CUBE-MEMS1.9.6.0
2024-01-18 12:39:10,147 [WARN] PackLoader:240 - Cannot read IP mode file for STMicroelectronics.X-CUBE-EEPRMA1.4.2.0
2024-01-18 12:39:10,164 [WARN] PackLoader:240 - Cannot read IP mode file for ITTIA_DB.I-CUBE-ITTIADB.8.8.0
2024-01-18 12:39:10,193 [WARN] PackLoader:240 - Cannot read IP mode file for STMicroelectronics.X-CUBE-BLEMGR.2.0.0
2024-01-18 12:39:10,278 [WARN] ConditionMgr:438 - getConditionDescription Invalid condition id : UX DEVICE CLASS RTOS Condition cause : null
2024-01-18 12:39:10,279 [WARN] ConditionMgr:438 - getConditionDescription Invalid condition id : UX DEVICE CLASS RTOS Condition cause : null
2024-01-18 12:39:10,295 [WARN] PackLoader:240 - Cannot read IP mode file for STMicroelectronics.X-CUBE-AZRTOS-H7.3.1.0
2024-01-18 12:39:10,299 [WARN] ConditionMgr:1039 - genDependencies : Invalid condition id : UX DEVICE CLASS RTOS Condition cause : null
2024-01-18 12:39:10,300 [WARN] ConditionMgr:1039 - genDependencies : Invalid condition id : UX DEVICE CLASS RTOS Condition cause : null
2024-01-18 12:39:10,303 [WARN] ConditionMgr:1039 - genDependencies : Invalid condition id : UX DEVICE CLASS RTOS Condition cause : null
2024-01-18 12:39:10,305 [WARN] ConditionMgr:1039 - genDependencies : Invalid condition id : UX DEVICE CLASS RTOS Condition cause : null
2024-01-18 12:39:10,306 [WARN] ConditionMgr:1039 - genDependencies : Invalid condition id : UX DEVICE CLASS RTOS Condition cause : null
2024-01-18 12:39:10,320 [WARN] PackLoader:240 - Cannot read IP mode file for STMicroelectronics.X-CUBE-NFC7.1.0.1
2024-01-18 12:39:10,338 [WARN] PackLoader:240 - Cannot read IP mode file for STMicroelectronics.X-CUBE-NFC6.3.0.0
2024-01-18 12:39:10,354 [WARN] PackLoader:240 - Cannot read IP mode file for STMicroelectronics.X-CUBE-EEPRMA1.4.1.0
2024-01-18 12:39:10,365 [WARN] PackLoader:240 - Cannot read IP mode file for STMicroelectronics.X-CUBE-AI.8.1.0
2024-01-18 12:39:10,416 [WARN] ConditionMgr:438 - getConditionDescription Invalid condition id : LAN8742 Phy interface Condition cause : null
2024-01-18 12:39:10,418 [WARN] PackLoader:240 - Cannot read IP mode file for STMicroelectronics.X-CUBE-AZRTOS-L4.2.0.0
2024-01-18 12:39:10,422 [WARN] ConditionMgr:1039 - genDependencies : Invalid condition id : LAN8742 Phy interface Condition cause : null
2024-01-18 12:39:10,422 [WARN] ConditionMgr:1039 - genDependencies : Invalid condition id : LAN8742 Phy interface Condition cause : null
2024-01-18 12:39:10,425 [WARN] ConditionMgr:1039 - genDependencies : Invalid condition id : LAN8742 Phy interface Condition cause : null
2024-01-18 12:39:10,476 [WARN] PackLoader:240 - Cannot read IP mode file for STMicroelectronics.X-CUBE-SFXS2LP1.4.0.0
2024-01-18 12:39:10,498 [WARN] PackLoader:240 - Cannot read IP mode file for STMicroelectronics.X-CUBE-ISPU.1.1.0
2024-01-18 12:39:10,558 [WARN] ConditionMgr:438 - getConditionDescription Invalid condition id : UX DEVICE CLASS RTOS Condition cause : null
2024-01-18 12:39:10,559 [WARN] ConditionMgr:438 - getConditionDescription Invalid condition id : UX DEVICE CLASS RTOS Condition cause : null
2024-01-18 12:39:10,572 [WARN] PackLoader:240 - Cannot read IP mode file for STMicroelectronics.X-CUBE-AZRTOS-WB.2.0.0
2024-01-18 12:39:10,575 [WARN] ConditionMgr:1039 - genDependencies : Invalid condition id : UX DEVICE CLASS RTOS Condition cause : null
2024-01-18 12:39:10,575 [WARN] ConditionMgr:1039 - genDependencies : Invalid condition id : UX DEVICE CLASS RTOS Condition cause : null
2024-01-18 12:39:10,578 [WARN] ConditionMgr:1039 - genDependencies : Invalid condition id : UX DEVICE CLASS RTOS Condition cause : null
2024-01-18 12:39:10,579 [WARN] ConditionMgr:1039 - genDependencies : Invalid condition id : UX DEVICE CLASS RTOS Condition cause : null
2024-01-18 12:39:10,580 [WARN] ConditionMgr:1039 - genDependencies : Invalid condition id : UX DEVICE CLASS RTOS Condition cause : null
2024-01-18 12:39:10,625 [WARN] PackLoader:240 - Cannot read IP mode file for STMicroelectronics.X-CUBE-SUBG2.5.0.0
2024-01-18 12:39:10,693 [WARN] PackLoader:240 - Cannot read IP mode file for STMicroelectronics.X-CUBE-TOF1.3.3.1
2024-01-18 12:39:10,785 [WARN] PackLoader:240 - Cannot read IP mode file for STMicroelectronics.X-CUBE-AZRTOS-G4.2.0.0
2024-01-18 12:39:10,827 [WARN] PackLoader:240 - Cannot read IP mode file for Infineon.AIROC-Wi-Fi-Bluetooth-STM32.1.5.1
2024-01-18 12:39:10,842 [WARN] PackLoader:240 - Cannot read IP mode file for STMicroelectronics.FP-SNS-MOTENVWB1.1.3.1
2024-01-18 12:39:10,850 [WARN] PackLoader:240 - Cannot read IP mode file for STMicroelectronics.X-CUBE-ISPU.2.0.0
2024-01-18 12:39:10,969 [WARN] PackLoader:240 - Cannot read IP mode file for STMicroelectronics.X-CUBE-MEMS1.10.0.0
2024-01-18 12:39:11,219 [WARN] PackLoader:240 - Cannot read IP mode file for STMicroelectronics.X-CUBE-FREERTOS.1.1.0
2024-01-18 12:39:11,263 [WARN] PackLoader:240 - Cannot read IP mode file for portGmbH.I-Cube-SoM-uGOAL.1.1.0
2024-01-18 12:39:11,269 [WARN] PackLoader:240 - Cannot read IP mode file for STMicroelectronics.X-CUBE-ALS.1.0.1
2024-01-18 12:39:11,275 [WARN] PackLoader:240 - Cannot read IP mode file for STMicroelectronics.FP-ATR-ASTRA1.2.0.0
2024-01-18 12:39:11,297 [WARN] PackLoader:240 - Cannot read IP mode file for STMicroelectronics.X-CUBE-TOF1.3.4.0
2024-01-18 12:39:11,362 [WARN] PackLoader:240 - Cannot read IP mode file for STMicroelectronics.X-CUBE-AZRTOS-H7.3.2.0
2024-01-18 12:39:11,369 [INFO] ThirdParty:978 - Integrity check success = true
2024-01-18 12:39:11,369 [INFO] IntegrityCheckThread:100 - exiting critical section [integrity check]
2024-01-18 12:39:11,369 [INFO] IntegrityCheckThread:103 - End integrity checks thread
2024-01-18 12:39:26,060 [ERROR] LogOutputStream:75 - [STDERR_REDIRECT] SLF4J: Failed to load class "org.slf4j.impl.StaticLoggerBinder".
2024-01-18 12:39:26,062 [ERROR] LogOutputStream:75 - [STDERR_REDIRECT] SLF4J: Defaulting to no-operation (NOP) logger implementation
2024-01-18 12:39:26,062 [ERROR] LogOutputStream:75 - [STDERR_REDIRECT] SLF4J: See http://www.slf4j.org/codes.html#StaticLoggerBinder for further details.
